2021-05-12 13:37:58,305 INFO org.springframework.boot.StartupInfoLogger [main] Starting SimregistrationApplication using Java 11.0.11 on yoedi with PID 6065 (/home/yoedi/Documents/Workspaces/simregistration/target/classes started by yoedi in /home/yoedi/Documents/Workspaces/simregistration)
2021-05-12 13:37:58,288 INFO org.hibernate.validator.internal.util.Version [background-preinit] HV000001: Hibernate Validator 6.1.7.Final
2021-05-12 13:37:58,328 INFO org.springframework.boot.SpringApplication [main] No active profile set, falling back to default profiles: default
2021-05-12 13:38:00,798 INFO org.springframework.data.repository.config.RepositoryConfigurationDelegate [main] Bootstrapping Spring Data JPA repositories in DEFAULT mode.
2021-05-12 13:38:00,833 INFO org.springframework.data.repository.config.RepositoryConfigurationDelegate [main] Finished Spring Data repository scanning in 14 ms. Found 0 JPA repository interfaces.
2021-05-12 13:38:02,522 INFO org.springframework.boot.web.embedded.tomcat.TomcatWebServer [main] Tomcat initialized with port(s): 8080 (http)
2021-05-12 13:38:02,568 INFO org.apache.juli.logging.DirectJDKLog [main] Initializing ProtocolHandler ["http-nio-8080"]
2021-05-12 13:38:02,571 INFO org.apache.juli.logging.DirectJDKLog [main] Starting service [Tomcat]
2021-05-12 13:38:02,572 INFO org.apache.juli.logging.DirectJDKLog [main] Starting Servlet engine: [Apache Tomcat/9.0.45]
2021-05-12 13:38:02,775 INFO org.apache.juli.logging.DirectJDKLog [main] Initializing Spring embedded WebApplicationContext
2021-05-12 13:38:02,789 INFO org.springframework.boot.web.servlet.context.ServletWebServerApplicationContext [main] Root WebApplicationContext: initialization completed in 4281 ms
2021-05-12 13:38:03,338 INFO org.hibernate.jpa.internal.util.LogHelper [main] HHH000204: Processing PersistenceUnitInfo [name: default]
2021-05-12 13:38:03,420 INFO org.hibernate.Version [main] HHH000412: Hibernate ORM core version 5.4.30.Final
2021-05-12 13:38:03,730 INFO org.hibernate.annotations.common.reflection.java.JavaReflectionManager [main] HCANN000001: Hibernate Commons Annotations {5.1.2.Final}
2021-05-12 13:38:03,928 INFO com.zaxxer.hikari.HikariDataSource [main] HikariPool-1 - Starting...
2021-05-12 13:38:04,403 INFO com.zaxxer.hikari.HikariDataSource [main] HikariPool-1 - Start completed.
2021-05-12 13:38:04,460 INFO org.hibernate.dialect.Dialect [main] HHH000400: Using dialect: org.hibernate.dialect.PostgreSQLDialect
2021-05-12 13:38:06,233 WARN org.hibernate.engine.jdbc.spi.SqlExceptionHelper$StandardWarningHandler [main] SQL Warning Code: 0, SQLState: 00000
2021-05-12 13:38:06,236 WARN org.hibernate.engine.jdbc.spi.SqlExceptionHelper$StandardWarningHandler [main] table "msisdn" does not exist, skipping
2021-05-12 13:38:06,238 WARN org.hibernate.engine.jdbc.spi.SqlExceptionHelper$StandardWarningHandler [main] SQL Warning Code: 0, SQLState: 00000
2021-05-12 13:38:06,239 WARN org.hibernate.engine.jdbc.spi.SqlExceptionHelper$StandardWarningHandler [main] sequence "hibernate_sequence" does not exist, skipping
2021-05-12 13:38:06,269 INFO org.hibernate.engine.transaction.jta.platform.internal.JtaPlatformInitiator [main] HHH000490: Using JtaPlatform implementation: [org.hibernate.engine.transaction.jta.platform.internal.NoJtaPlatform]
2021-05-12 13:38:06,287 INFO org.springframework.orm.jpa.AbstractEntityManagerFactoryBean [main] Initialized JPA EntityManagerFactory for persistence unit 'default'
2021-05-12 13:38:06,397 WARN org.springframework.boot.autoconfigure.orm.jpa.JpaBaseConfiguration$JpaWebConfiguration [main] spring.jpa.open-in-view is enabled by default. Therefore, database queries may be performed during view rendering. Explicitly configure spring.jpa.open-in-view to disable this warning
2021-05-12 13:38:06,749 INFO org.springframework.scheduling.concurrent.ExecutorConfigurationSupport [main] Initializing ExecutorService 'applicationTaskExecutor'
2021-05-12 13:38:07,304 INFO org.apache.juli.logging.DirectJDKLog [main] Starting ProtocolHandler ["http-nio-8080"]
2021-05-12 13:38:07,466 INFO org.springframework.boot.web.embedded.tomcat.TomcatWebServer [main] Tomcat started on port(s): 8080 (http) with context path ''
2021-05-12 13:38:07,508 INFO org.springframework.boot.StartupInfoLogger [main] Started SimregistrationApplication in 11.657 seconds (JVM running for 13.617)
2021-05-12 13:38:23,511 INFO org.springframework.scheduling.concurrent.ExecutorConfigurationSupport [SpringContextShutdownHook] Shutting down ExecutorService 'applicationTaskExecutor'
2021-05-12 13:38:23,513 INFO org.springframework.orm.jpa.AbstractEntityManagerFactoryBean [SpringContextShutdownHook] Closing JPA EntityManagerFactory for persistence unit 'default'
2021-05-12 13:38:23,515 INFO org.hibernate.tool.schema.internal.SchemaDropperImpl$DelayedDropActionImpl [SpringContextShutdownHook] HHH000477: Starting delayed evictData of schema as part of SessionFactory shut-down'
2021-05-12 13:38:23,529 INFO com.zaxxer.hikari.HikariDataSource [SpringContextShutdownHook] HikariPool-1 - Shutdown initiated...
2021-05-12 13:38:23,567 INFO com.zaxxer.hikari.HikariDataSource [SpringContextShutdownHook] HikariPool-1 - Shutdown completed.
2021-05-12 13:48:23,144 INFO org.hibernate.validator.internal.util.Version [background-preinit] HV000001: Hibernate Validator 6.1.7.Final
2021-05-12 13:48:23,182 INFO org.springframework.boot.StartupInfoLogger [main] Starting SimregistrationApplication using Java 11.0.11 on yoedi with PID 6659 (/home/yoedi/Documents/Workspaces/simregistration/target/classes started by yoedi in /home/yoedi/Documents/Workspaces/simregistration)
2021-05-12 13:48:23,214 INFO org.springframework.boot.SpringApplication [main] No active profile set, falling back to default profiles: default
2021-05-12 13:48:25,121 INFO org.springframework.data.repository.config.RepositoryConfigurationDelegate [main] Bootstrapping Spring Data JPA repositories in DEFAULT mode.
2021-05-12 13:48:25,225 INFO org.springframework.data.repository.config.RepositoryConfigurationDelegate [main] Finished Spring Data repository scanning in 86 ms. Found 1 JPA repository interfaces.
2021-05-12 13:48:26,645 INFO org.springframework.boot.web.embedded.tomcat.TomcatWebServer [main] Tomcat initialized with port(s): 8080 (http)
2021-05-12 13:48:26,665 INFO org.apache.juli.logging.DirectJDKLog [main] Initializing ProtocolHandler ["http-nio-8080"]
2021-05-12 13:48:26,667 INFO org.apache.juli.logging.DirectJDKLog [main] Starting service [Tomcat]
2021-05-12 13:48:26,667 INFO org.apache.juli.logging.DirectJDKLog [main] Starting Servlet engine: [Apache Tomcat/9.0.45]
2021-05-12 13:48:26,800 INFO org.apache.juli.logging.DirectJDKLog [main] Initializing Spring embedded WebApplicationContext
2021-05-12 13:48:26,801 INFO org.springframework.boot.web.servlet.context.ServletWebServerApplicationContext [main] Root WebApplicationContext: initialization completed in 3402 ms
2021-05-12 13:48:27,148 INFO org.hibernate.jpa.internal.util.LogHelper [main] HHH000204: Processing PersistenceUnitInfo [name: default]
2021-05-12 13:48:27,276 INFO org.hibernate.Version [main] HHH000412: Hibernate ORM core version 5.4.30.Final
2021-05-12 13:48:27,600 INFO org.hibernate.annotations.common.reflection.java.JavaReflectionManager [main] HCANN000001: Hibernate Commons Annotations {5.1.2.Final}
2021-05-12 13:48:27,805 INFO com.zaxxer.hikari.HikariDataSource [main] HikariPool-1 - Starting...
2021-05-12 13:48:27,948 INFO com.zaxxer.hikari.HikariDataSource [main] HikariPool-1 - Start completed.
2021-05-12 13:48:27,979 INFO org.hibernate.dialect.Dialect [main] HHH000400: Using dialect: org.hibernate.dialect.PostgreSQLDialect
2021-05-12 13:48:29,047 WARN org.hibernate.engine.jdbc.spi.SqlExceptionHelper$StandardWarningHandler [main] SQL Warning Code: 0, SQLState: 00000
2021-05-12 13:48:29,048 WARN org.hibernate.engine.jdbc.spi.SqlExceptionHelper$StandardWarningHandler [main] table "registration" does not exist, skipping
2021-05-12 13:48:29,050 WARN org.hibernate.engine.jdbc.spi.SqlExceptionHelper$StandardWarningHandler [main] SQL Warning Code: 0, SQLState: 00000
2021-05-12 13:48:29,051 WARN org.hibernate.engine.jdbc.spi.SqlExceptionHelper$StandardWarningHandler [main] sequence "hibernate_sequence" does not exist, skipping
2021-05-12 13:48:29,076 INFO org.hibernate.engine.transaction.jta.platform.internal.JtaPlatformInitiator [main] HHH000490: Using JtaPlatform implementation: [org.hibernate.engine.transaction.jta.platform.internal.NoJtaPlatform]
2021-05-12 13:48:29,090 INFO org.springframework.orm.jpa.AbstractEntityManagerFactoryBean [main] Initialized JPA EntityManagerFactory for persistence unit 'default'
2021-05-12 13:48:29,700 WARN org.springframework.boot.autoconfigure.orm.jpa.JpaBaseConfiguration$JpaWebConfiguration [main] spring.jpa.open-in-view is enabled by default. Therefore, database queries may be performed during view rendering. Explicitly configure spring.jpa.open-in-view to disable this warning
2021-05-12 13:48:29,911 INFO org.springframework.scheduling.concurrent.ExecutorConfigurationSupport [main] Initializing ExecutorService 'applicationTaskExecutor'
2021-05-12 13:48:30,321 INFO org.apache.juli.logging.DirectJDKLog [main] Starting ProtocolHandler ["http-nio-8080"]
2021-05-12 13:48:30,359 INFO org.springframework.boot.web.embedded.tomcat.TomcatWebServer [main] Tomcat started on port(s): 8080 (http) with context path ''
2021-05-12 13:48:30,380 INFO org.springframework.boot.StartupInfoLogger [main] Started SimregistrationApplication in 8.671 seconds (JVM running for 9.841)
2021-05-12 13:51:16,034 INFO org.apache.juli.logging.DirectJDKLog [http-nio-8080-exec-1] Initializing Spring DispatcherServlet 'dispatcherServlet'
2021-05-12 13:51:16,098 INFO org.springframework.web.servlet.FrameworkServlet [http-nio-8080-exec-1] Initializing Servlet 'dispatcherServlet'
2021-05-12 13:51:16,102 INFO org.springframework.web.servlet.FrameworkServlet [http-nio-8080-exec-1] Completed initialization in 3 ms
2021-05-12 13:51:16,229 INFO com.mobiletechnologies.simregistration.controller.RegistrationController [http-nio-8080-exec-1] HALLLLOOO
2021-05-12 20:22:52,469 INFO org.springframework.scheduling.concurrent.ExecutorConfigurationSupport [SpringContextShutdownHook] Shutting down ExecutorService 'applicationTaskExecutor'
2021-05-12 20:22:52,471 INFO org.springframework.orm.jpa.AbstractEntityManagerFactoryBean [SpringContextShutdownHook] Closing JPA EntityManagerFactory for persistence unit 'default'
2021-05-12 20:22:52,471 INFO org.hibernate.tool.schema.internal.SchemaDropperImpl$DelayedDropActionImpl [SpringContextShutdownHook] HHH000477: Starting delayed evictData of schema as part of SessionFactory shut-down'
2021-05-12 20:22:52,524 INFO com.zaxxer.hikari.HikariDataSource [SpringContextShutdownHook] HikariPool-1 - Shutdown initiated...
2021-05-12 20:22:52,560 INFO com.zaxxer.hikari.HikariDataSource [SpringContextShutdownHook] HikariPool-1 - Shutdown completed.
2021-05-12 20:24:23,195 INFO org.hibernate.validator.internal.util.Version [background-preinit] HV000001: Hibernate Validator 6.1.7.Final
2021-05-12 20:24:23,220 INFO org.springframework.boot.StartupInfoLogger [main] Starting SimregistrationApplication using Java 11.0.11 on yoedi with PID 30569 (/home/yoedi/Documents/Workspaces/simregistration/target/classes started by yoedi in /home/yoedi/Documents/Workspaces/simregistration)
2021-05-12 20:24:23,248 INFO org.springframework.boot.SpringApplication [main] No active profile set, falling back to default profiles: default
2021-05-12 20:24:24,928 INFO org.springframework.data.repository.config.RepositoryConfigurationDelegate [main] Bootstrapping Spring Data JPA repositories in DEFAULT mode.
2021-05-12 20:24:25,023 INFO org.springframework.data.repository.config.RepositoryConfigurationDelegate [main] Finished Spring Data repository scanning in 77 ms. Found 1 JPA repository interfaces.
2021-05-12 20:24:26,264 INFO org.springframework.boot.web.embedded.tomcat.TomcatWebServer [main] Tomcat initialized with port(s): 8080 (http)
2021-05-12 20:24:26,286 INFO org.apache.juli.logging.DirectJDKLog [main] Initializing ProtocolHandler ["http-nio-8080"]
2021-05-12 20:24:26,287 INFO org.apache.juli.logging.DirectJDKLog [main] Starting service [Tomcat]
2021-05-12 20:24:26,288 INFO org.apache.juli.logging.DirectJDKLog [main] Starting Servlet engine: [Apache Tomcat/9.0.45]
2021-05-12 20:24:26,450 INFO org.apache.juli.logging.DirectJDKLog [main] Initializing Spring embedded WebApplicationContext
2021-05-12 20:24:26,451 INFO org.springframework.boot.web.servlet.context.ServletWebServerApplicationContext [main] Root WebApplicationContext: initialization completed in 3053 ms
2021-05-12 20:24:26,771 INFO org.hibernate.jpa.internal.util.LogHelper [main] HHH000204: Processing PersistenceUnitInfo [name: default]
2021-05-12 20:24:26,866 INFO org.hibernate.Version [main] HHH000412: Hibernate ORM core version 5.4.30.Final
2021-05-12 20:24:27,130 INFO org.hibernate.annotations.common.reflection.java.JavaReflectionManager [main] HCANN000001: Hibernate Commons Annotations {5.1.2.Final}
2021-05-12 20:24:27,294 INFO com.zaxxer.hikari.HikariDataSource [main] HikariPool-1 - Starting...
2021-05-12 20:24:27,431 INFO com.zaxxer.hikari.HikariDataSource [main] HikariPool-1 - Start completed.
2021-05-12 20:24:27,462 INFO org.hibernate.dialect.Dialect [main] HHH000400: Using dialect: org.hibernate.dialect.PostgreSQLDialect
2021-05-12 20:24:28,392 WARN org.hibernate.engine.jdbc.spi.SqlExceptionHelper$StandardWarningHandler [main] SQL Warning Code: 0, SQLState: 00000
2021-05-12 20:24:28,393 WARN org.hibernate.engine.jdbc.spi.SqlExceptionHelper$StandardWarningHandler [main] table "registration" does not exist, skipping
2021-05-12 20:24:28,394 WARN org.hibernate.engine.jdbc.spi.SqlExceptionHelper$StandardWarningHandler [main] SQL Warning Code: 0, SQLState: 00000
2021-05-12 20:24:28,395 WARN org.hibernate.engine.jdbc.spi.SqlExceptionHelper$StandardWarningHandler [main] sequence "hibernate_sequence" does not exist, skipping
2021-05-12 20:24:28,433 INFO org.hibernate.engine.transaction.jta.platform.internal.JtaPlatformInitiator [main] HHH000490: Using JtaPlatform implementation: [org.hibernate.engine.transaction.jta.platform.internal.NoJtaPlatform]
2021-05-12 20:24:28,445 INFO org.springframework.orm.jpa.AbstractEntityManagerFactoryBean [main] Initialized JPA EntityManagerFactory for persistence unit 'default'
2021-05-12 20:24:29,116 WARN org.springframework.boot.autoconfigure.orm.jpa.JpaBaseConfiguration$JpaWebConfiguration [main] spring.jpa.open-in-view is enabled by default. Therefore, database queries may be performed during view rendering. Explicitly configure spring.jpa.open-in-view to disable this warning
2021-05-12 20:24:29,334 INFO org.springframework.scheduling.concurrent.ExecutorConfigurationSupport [main] Initializing ExecutorService 'applicationTaskExecutor'
2021-05-12 20:24:29,733 INFO org.apache.juli.logging.DirectJDKLog [main] Starting ProtocolHandler ["http-nio-8080"]
2021-05-12 20:24:29,779 INFO org.springframework.boot.web.embedded.tomcat.TomcatWebServer [main] Tomcat started on port(s): 8080 (http) with context path ''
2021-05-12 20:24:29,795 INFO org.springframework.boot.StartupInfoLogger [main] Started SimregistrationApplication in 8.232 seconds (JVM running for 9.306)
2021-05-12 20:24:41,425 INFO org.apache.juli.logging.DirectJDKLog [http-nio-8080-exec-2] Initializing Spring DispatcherServlet 'dispatcherServlet'
2021-05-12 20:24:41,425 INFO org.springframework.web.servlet.FrameworkServlet [http-nio-8080-exec-2] Initializing Servlet 'dispatcherServlet'
2021-05-12 20:24:41,427 INFO org.springframework.web.servlet.FrameworkServlet [http-nio-8080-exec-2] Completed initialization in 1 ms
2021-05-12 20:24:41,747 INFO com.mobiletechnologies.simregistration.controller.RegistrationController [http-nio-8080-exec-2] Data : [+6282100998877,PREPAID,Lionel Messi,2021-05-11,M,Argentina Argentina sdfsdfsfsdfsdfsdfsdfsd,e21rr34t454yggert] Success
2021-05-12 20:24:41,756 INFO com.mobiletechnologies.simregistration.controller.RegistrationController [http-nio-8080-exec-2] Data : [+6282100998878,POSTPAID,Neymar,2002-02-02,F,Brazil Brazil sdfsdfsdfdsfsdf,e21rr34t454yggera] Success
2021-05-12 20:24:41,765 INFO com.mobiletechnologies.simregistration.controller.RegistrationController [http-nio-8080-exec-2] Data : [+6282100998879,PREPAID,Sergio Ramos,2003-03-03,M,Spain Spain fsdfsdfdfsf,e21rr34t454yggers] Success
2021-05-12 21:58:59,330 WARN org.hibernate.engine.jdbc.spi.SqlExceptionHelper [http-nio-8080-exec-5] SQL Error: 0, SQLState: 23505
2021-05-12 21:58:59,331 ERROR org.hibernate.engine.jdbc.spi.SqlExceptionHelper [http-nio-8080-exec-5] ERROR: duplicate key value violates unique constraint "uk_45t1j4ourxgjk3parje40nnrd"
  Detail: Key (msisdn)=(+6282100998877) already exists.
2021-05-12 22:00:13,440 WARN org.hibernate.engine.jdbc.spi.SqlExceptionHelper [http-nio-8080-exec-7] SQL Error: 0, SQLState: 23505
2021-05-12 22:00:13,441 ERROR org.hibernate.engine.jdbc.spi.SqlExceptionHelper [http-nio-8080-exec-7] ERROR: duplicate key value violates unique constraint "uk_45t1j4ourxgjk3parje40nnrd"
  Detail: Key (msisdn)=(+6282100998877) already exists.
2021-05-12 22:01:53,165 WARN org.hibernate.engine.jdbc.spi.SqlExceptionHelper [http-nio-8080-exec-1] SQL Error: 0, SQLState: 23505
2021-05-12 22:01:53,167 ERROR org.hibernate.engine.jdbc.spi.SqlExceptionHelper [http-nio-8080-exec-1] ERROR: duplicate key value violates unique constraint "uk_45t1j4ourxgjk3parje40nnrd"
  Detail: Key (msisdn)=(+6282100998877) already exists.
2021-05-12 22:10:06,435 INFO org.springframework.scheduling.concurrent.ExecutorConfigurationSupport [SpringContextShutdownHook] Shutting down ExecutorService 'applicationTaskExecutor'
2021-05-12 22:10:06,438 INFO org.springframework.orm.jpa.AbstractEntityManagerFactoryBean [SpringContextShutdownHook] Closing JPA EntityManagerFactory for persistence unit 'default'
2021-05-12 22:10:06,438 INFO org.hibernate.tool.schema.internal.SchemaDropperImpl$DelayedDropActionImpl [SpringContextShutdownHook] HHH000477: Starting delayed evictData of schema as part of SessionFactory shut-down'
2021-05-12 22:10:06,454 INFO com.zaxxer.hikari.HikariDataSource [SpringContextShutdownHook] HikariPool-1 - Shutdown initiated...
2021-05-12 22:10:06,480 INFO com.zaxxer.hikari.HikariDataSource [SpringContextShutdownHook] HikariPool-1 - Shutdown completed.
2021-05-12 22:10:21,943 INFO org.hibernate.validator.internal.util.Version [background-preinit] HV000001: Hibernate Validator 6.1.7.Final
2021-05-12 22:10:22,073 INFO org.springframework.boot.StartupInfoLogger [main] Starting SimregistrationApplication using Java 11.0.11 on yoedi with PID 43661 (/home/yoedi/Documents/Workspaces/simregistration/target/classes started by yoedi in /home/yoedi/Documents/Workspaces/simregistration)
2021-05-12 22:10:22,098 INFO org.springframework.boot.SpringApplication [main] No active profile set, falling back to default profiles: default
2021-05-12 22:10:24,693 INFO org.springframework.data.repository.config.RepositoryConfigurationDelegate [main] Bootstrapping Spring Data JPA repositories in DEFAULT mode.
2021-05-12 22:10:24,878 INFO org.springframework.data.repository.config.RepositoryConfigurationDelegate [main] Finished Spring Data repository scanning in 130 ms. Found 1 JPA repository interfaces.
2021-05-12 22:10:26,472 INFO org.springframework.boot.web.embedded.tomcat.TomcatWebServer [main] Tomcat initialized with port(s): 8080 (http)
2021-05-12 22:10:26,496 INFO org.apache.juli.logging.DirectJDKLog [main] Initializing ProtocolHandler ["http-nio-8080"]
2021-05-12 22:10:26,497 INFO org.apache.juli.logging.DirectJDKLog [main] Starting service [Tomcat]
2021-05-12 22:10:26,499 INFO org.apache.juli.logging.DirectJDKLog [main] Starting Servlet engine: [Apache Tomcat/9.0.45]
2021-05-12 22:10:26,711 INFO org.apache.juli.logging.DirectJDKLog [main] Initializing Spring embedded WebApplicationContext
2021-05-12 22:10:26,712 INFO org.springframework.boot.web.servlet.context.ServletWebServerApplicationContext [main] Root WebApplicationContext: initialization completed in 4358 ms
2021-05-12 22:10:27,179 INFO org.hibernate.jpa.internal.util.LogHelper [main] HHH000204: Processing PersistenceUnitInfo [name: default]
2021-05-12 22:10:27,286 INFO org.hibernate.Version [main] HHH000412: Hibernate ORM core version 5.4.30.Final
2021-05-12 22:10:27,525 INFO org.hibernate.annotations.common.reflection.java.JavaReflectionManager [main] HCANN000001: Hibernate Commons Annotations {5.1.2.Final}
2021-05-12 22:10:27,762 INFO com.zaxxer.hikari.HikariDataSource [main] HikariPool-1 - Starting...
2021-05-12 22:10:27,959 INFO com.zaxxer.hikari.HikariDataSource [main] HikariPool-1 - Start completed.
2021-05-12 22:10:27,994 INFO org.hibernate.dialect.Dialect [main] HHH000400: Using dialect: org.hibernate.dialect.PostgreSQLDialect
2021-05-12 22:10:29,336 WARN org.hibernate.engine.jdbc.spi.SqlExceptionHelper$StandardWarningHandler [main] SQL Warning Code: 0, SQLState: 00000
2021-05-12 22:10:29,338 WARN org.hibernate.engine.jdbc.spi.SqlExceptionHelper$StandardWarningHandler [main] table "registration" does not exist, skipping
2021-05-12 22:10:29,340 WARN org.hibernate.engine.jdbc.spi.SqlExceptionHelper$StandardWarningHandler [main] SQL Warning Code: 0, SQLState: 00000
2021-05-12 22:10:29,341 WARN org.hibernate.engine.jdbc.spi.SqlExceptionHelper$StandardWarningHandler [main] sequence "hibernate_sequence" does not exist, skipping
2021-05-12 22:10:29,379 INFO org.hibernate.engine.transaction.jta.platform.internal.JtaPlatformInitiator [main] HHH000490: Using JtaPlatform implementation: [org.hibernate.engine.transaction.jta.platform.internal.NoJtaPlatform]
2021-05-12 22:10:29,397 INFO org.springframework.orm.jpa.AbstractEntityManagerFactoryBean [main] Initialized JPA EntityManagerFactory for persistence unit 'default'
2021-05-12 22:10:30,066 WARN org.springframework.boot.autoconfigure.orm.jpa.JpaBaseConfiguration$JpaWebConfiguration [main] spring.jpa.open-in-view is enabled by default. Therefore, database queries may be performed during view rendering. Explicitly configure spring.jpa.open-in-view to disable this warning
2021-05-12 22:10:30,289 INFO org.springframework.scheduling.concurrent.ExecutorConfigurationSupport [main] Initializing ExecutorService 'applicationTaskExecutor'
2021-05-12 22:10:30,701 INFO org.apache.juli.logging.DirectJDKLog [main] Starting ProtocolHandler ["http-nio-8080"]
2021-05-12 22:10:30,841 INFO org.springframework.boot.web.embedded.tomcat.TomcatWebServer [main] Tomcat started on port(s): 8080 (http) with context path ''
2021-05-12 22:10:30,862 INFO org.springframework.boot.StartupInfoLogger [main] Started SimregistrationApplication in 11.167 seconds (JVM running for 13.074)
2021-05-12 22:10:35,775 INFO org.apache.juli.logging.DirectJDKLog [http-nio-8080-exec-2] Initializing Spring DispatcherServlet 'dispatcherServlet'
2021-05-12 22:10:35,777 INFO org.springframework.web.servlet.FrameworkServlet [http-nio-8080-exec-2] Initializing Servlet 'dispatcherServlet'
2021-05-12 22:10:35,780 INFO org.springframework.web.servlet.FrameworkServlet [http-nio-8080-exec-2] Completed initialization in 2 ms
2021-05-12 22:10:36,019 INFO com.mobiletechnologies.simregistration.controller.RegistrationController [http-nio-8080-exec-2] Data : [+6282100998877,PREPAID,Lionel Messi,2021-05-11,M,Argentina Argentina sdfsdfsfsdfsdfsdfsdfsd,e21rr34t454yggert] Success
2021-05-12 22:10:36,024 INFO com.mobiletechnologies.simregistration.controller.RegistrationController [http-nio-8080-exec-2] Data : [+6282100998871,POSTPAID,Neymar,2002-02-02,F,Brazil Brazil sdfsdfsdfdsfsdf,e21rr34t454yggera] Success
2021-05-12 22:10:36,030 INFO com.mobiletechnologies.simregistration.controller.RegistrationController [http-nio-8080-exec-2] Data : [+6282100998872,PREPAID,Sergio Ramos,2003-03-03,M,Spain Spain fsdfsdfdfsf,e21rr34t454yggers] Success
2021-05-12 22:11:19,538 INFO org.springframework.scheduling.concurrent.ExecutorConfigurationSupport [SpringContextShutdownHook] Shutting down ExecutorService 'applicationTaskExecutor'
2021-05-12 22:11:19,544 INFO org.springframework.orm.jpa.AbstractEntityManagerFactoryBean [SpringContextShutdownHook] Closing JPA EntityManagerFactory for persistence unit 'default'
2021-05-12 22:11:19,546 INFO org.hibernate.tool.schema.internal.SchemaDropperImpl$DelayedDropActionImpl [SpringContextShutdownHook] HHH000477: Starting delayed evictData of schema as part of SessionFactory shut-down'
2021-05-12 22:11:19,570 INFO com.zaxxer.hikari.HikariDataSource [SpringContextShutdownHook] HikariPool-1 - Shutdown initiated...
2021-05-12 22:11:19,600 INFO com.zaxxer.hikari.HikariDataSource [SpringContextShutdownHook] HikariPool-1 - Shutdown completed.
2021-05-12 22:11:30,362 INFO org.hibernate.validator.internal.util.Version [background-preinit] HV000001: Hibernate Validator 6.1.7.Final
2021-05-12 22:11:30,383 INFO org.springframework.boot.StartupInfoLogger [main] Starting SimregistrationApplication using Java 11.0.11 on yoedi with PID 43832 (/home/yoedi/Documents/Workspaces/simregistration/target/classes started by yoedi in /home/yoedi/Documents/Workspaces/simregistration)
2021-05-12 22:11:30,400 INFO org.springframework.boot.SpringApplication [main] No active profile set, falling back to default profiles: default
2021-05-12 22:11:33,306 INFO org.springframework.data.repository.config.RepositoryConfigurationDelegate [main] Bootstrapping Spring Data JPA repositories in DEFAULT mode.
2021-05-12 22:11:33,535 INFO org.springframework.data.repository.config.RepositoryConfigurationDelegate [main] Finished Spring Data repository scanning in 171 ms. Found 1 JPA repository interfaces.
2021-05-12 22:11:35,624 INFO org.springframework.boot.web.embedded.tomcat.TomcatWebServer [main] Tomcat initialized with port(s): 8080 (http)
2021-05-12 22:11:35,672 INFO org.apache.juli.logging.DirectJDKLog [main] Initializing ProtocolHandler ["http-nio-8080"]
2021-05-12 22:11:35,674 INFO org.apache.juli.logging.DirectJDKLog [main] Starting service [Tomcat]
2021-05-12 22:11:35,675 INFO org.apache.juli.logging.DirectJDKLog [main] Starting Servlet engine: [Apache Tomcat/9.0.45]
2021-05-12 22:11:35,943 INFO org.apache.juli.logging.DirectJDKLog [main] Initializing Spring embedded WebApplicationContext
2021-05-12 22:11:35,944 INFO org.springframework.boot.web.servlet.context.ServletWebServerApplicationContext [main] Root WebApplicationContext: initialization completed in 5156 ms
2021-05-12 22:11:36,526 INFO org.hibernate.jpa.internal.util.LogHelper [main] HHH000204: Processing PersistenceUnitInfo [name: default]
2021-05-12 22:11:36,727 INFO org.hibernate.Version [main] HHH000412: Hibernate ORM core version 5.4.30.Final
2021-05-12 22:11:37,193 INFO org.hibernate.annotations.common.reflection.java.JavaReflectionManager [main] HCANN000001: Hibernate Commons Annotations {5.1.2.Final}
2021-05-12 22:11:37,511 INFO com.zaxxer.hikari.HikariDataSource [main] HikariPool-1 - Starting...
2021-05-12 22:11:37,792 INFO com.zaxxer.hikari.HikariDataSource [main] HikariPool-1 - Start completed.
2021-05-12 22:11:37,827 INFO org.hibernate.dialect.Dialect [main] HHH000400: Using dialect: org.hibernate.dialect.PostgreSQLDialect
2021-05-12 22:11:39,922 WARN org.hibernate.engine.jdbc.spi.SqlExceptionHelper$StandardWarningHandler [main] SQL Warning Code: 0, SQLState: 00000
2021-05-12 22:11:39,924 WARN org.hibernate.engine.jdbc.spi.SqlExceptionHelper$StandardWarningHandler [main] table "registration" does not exist, skipping
2021-05-12 22:11:39,926 WARN org.hibernate.engine.jdbc.spi.SqlExceptionHelper$StandardWarningHandler [main] SQL Warning Code: 0, SQLState: 00000
2021-05-12 22:11:39,927 WARN org.hibernate.engine.jdbc.spi.SqlExceptionHelper$StandardWarningHandler [main] sequence "hibernate_sequence" does not exist, skipping
2021-05-12 22:11:39,986 INFO org.hibernate.engine.transaction.jta.platform.internal.JtaPlatformInitiator [main] HHH000490: Using JtaPlatform implementation: [org.hibernate.engine.transaction.jta.platform.internal.NoJtaPlatform]
2021-05-12 22:11:40,026 INFO org.springframework.orm.jpa.AbstractEntityManagerFactoryBean [main] Initialized JPA EntityManagerFactory for persistence unit 'default'
2021-05-12 22:11:41,122 WARN org.springframework.boot.autoconfigure.orm.jpa.JpaBaseConfiguration$JpaWebConfiguration [main] spring.jpa.open-in-view is enabled by default. Therefore, database queries may be performed during view rendering. Explicitly configure spring.jpa.open-in-view to disable this warning
2021-05-12 22:11:41,377 INFO org.springframework.scheduling.concurrent.ExecutorConfigurationSupport [main] Initializing ExecutorService 'applicationTaskExecutor'
2021-05-12 22:11:41,985 INFO org.apache.juli.logging.DirectJDKLog [main] Starting ProtocolHandler ["http-nio-8080"]
2021-05-12 22:11:42,043 INFO org.springframework.boot.web.embedded.tomcat.TomcatWebServer [main] Tomcat started on port(s): 8080 (http) with context path ''
2021-05-12 22:11:42,065 INFO org.springframework.boot.StartupInfoLogger [main] Started SimregistrationApplication in 14.102 seconds (JVM running for 17.691)
2021-05-12 22:11:52,611 INFO org.apache.juli.logging.DirectJDKLog [http-nio-8080-exec-1] Initializing Spring DispatcherServlet 'dispatcherServlet'
2021-05-12 22:11:52,613 INFO org.springframework.web.servlet.FrameworkServlet [http-nio-8080-exec-1] Initializing Servlet 'dispatcherServlet'
2021-05-12 22:11:52,637 INFO org.springframework.web.servlet.FrameworkServlet [http-nio-8080-exec-1] Completed initialization in 20 ms
2021-05-12 22:11:57,488 INFO com.mobiletechnologies.simregistration.controller.RegistrationController [http-nio-8080-exec-1] Data : [+6282100998877,PREPAID,Lionel Messi,2021-05-11,M,Argentina Argentina sdfsdfsfsdfsdfsdfsdfsd,e21rr34t454yggert] Success
2021-05-12 22:11:57,498 INFO com.mobiletechnologies.simregistration.controller.RegistrationController [http-nio-8080-exec-1] Data : [+6282100998871,POSTPAID,Neymar,2002-02-02,F,Brazil Brazil sdfsdfsdfdsfsdf,e21rr34t454yggera] Success
2021-05-12 22:11:57,508 INFO com.mobiletechnologies.simregistration.controller.RegistrationController [http-nio-8080-exec-1] Data : [+6282100998872,PREPAID,Sergio Ramos,2003-03-03,M,Spain Spain fsdfsdfdfsf,e21rr34t454yggers] Success
2021-05-12 22:13:19,707 INFO com.mobiletechnologies.simregistration.controller.RegistrationController [http-nio-8080-exec-3] Data : [+6282100998873,PREPAID,Lionel Messi,2021-05-11,M,Argentina Argentina sdfsdfsfsdfsdfsdfsdfsd,e21rr34t454yggert] Success
2021-05-12 22:13:19,715 INFO com.mobiletechnologies.simregistration.controller.RegistrationController [http-nio-8080-exec-3] Data : [+6282100998871,POSTPAID,Neymar,2002-02-02,F,Brazil Brazil sdfsdfsdfdsfsdf,e21rr34t454yggera] Success
2021-05-12 22:13:19,723 INFO com.mobiletechnologies.simregistration.controller.RegistrationController [http-nio-8080-exec-3] Data : [+6282100998872,PREPAID,Sergio Ramos,2003-03-03,M,Spain Spain fsdfsdfdfsf,e21rr34t454yggers] Success
2021-05-12 22:13:20,257 WARN org.hibernate.engine.jdbc.spi.SqlExceptionHelper [http-nio-8080-exec-3] SQL Error: 0, SQLState: 23505
2021-05-12 22:13:20,261 ERROR org.hibernate.engine.jdbc.spi.SqlExceptionHelper [http-nio-8080-exec-3] ERROR: duplicate key value violates unique constraint "uk_45t1j4ourxgjk3parje40nnrd"
  Detail: Key (msisdn)=(+6282100998871) already exists.
2021-05-12 22:14:24,585 INFO com.mobiletechnologies.simregistration.controller.RegistrationController [http-nio-8080-exec-4] Data : [+6282100998877,PREPAID,Lionel Messi,2021-05-11,M,Argentina Argentina sdfsdfsfsdfsdfsdfsdfsd,e21rr34t454yggert] Success
2021-05-12 22:14:24,588 INFO com.mobiletechnologies.simregistration.controller.RegistrationController [http-nio-8080-exec-4] Data : [+6282100998878,POSTPAID,Neymar,2002-02-02,F,Brazil Brazil sdfsdfsdfdsfsdf,e21rr34t454yggera] Success
2021-05-12 22:14:24,597 INFO com.mobiletechnologies.simregistration.controller.RegistrationController [http-nio-8080-exec-4] Data : [+6282100998879,PREPAID,Sergio Ramos,2003-03-03,M,Spain Spain fsdfsdfdfsf,e21rr34t454yggers] Success
2021-05-12 22:14:24,626 WARN org.hibernate.engine.jdbc.spi.SqlExceptionHelper [http-nio-8080-exec-4] SQL Error: 0, SQLState: 23505
2021-05-12 22:14:24,628 ERROR org.hibernate.engine.jdbc.spi.SqlExceptionHelper [http-nio-8080-exec-4] ERROR: duplicate key value violates unique constraint "uk_45t1j4ourxgjk3parje40nnrd"
  Detail: Key (msisdn)=(+6282100998877) already exists.
2021-05-12 22:15:39,733 INFO com.mobiletechnologies.simregistration.controller.RegistrationController [http-nio-8080-exec-8] Data : [+6282100998876,PREPAID,Lionel Messi,2021-05-11,M,Argentina Argentina sdfsdfsfsdfsdfsdfsdfsd,e21rr34t454yggert] Success
2021-05-12 22:15:39,739 INFO com.mobiletechnologies.simregistration.controller.RegistrationController [http-nio-8080-exec-8] Data : [+6282100998878,POSTPAID,Neymar,2002-02-02,F,Brazil Brazil sdfsdfsdfdsfsdf,e21rr34t454yggera] Success
2021-05-12 22:15:39,743 INFO com.mobiletechnologies.simregistration.controller.RegistrationController [http-nio-8080-exec-8] Data : [+6282100998879,PREPAID,Sergio Ramos,2003-03-03,M,Spain Spain fsdfsdfdfsf,e21rr34t454yggers] Success
